Zkp-App/android/app/build/outputs/mapping/release/seeds.txt
com.example.zkpapp.SecureVaultJni
com.example.zkpapp.AuthActivity
com.example.zkpapp.TestProofActivity
com.example.zkpapp.MyApplication
com.example.zkpapp.ProofBenchmarkResult
com.example.zkpapp.VerifierActivity
com.example.zkpapp.ErrorActivity
com.example.zkpapp.ZkAuth
com.example.zkpapp.MainActivity
com.example.zkpapp.LoginActivity
com.example.zkpapp.network.RelayApi
com.example.zkpapp.PassportActivity
com.example.zkpapp.SecurityGate
com.example.zkpapp.OfflineMenuActivity
com.example.zkpapp.CameraActivity
com.example.zkpapp.QrLoginActivity
com.example.zkpapp.AuthUiState
com.example.zkpapp.ZkpApplication
com.example.zkpapp.ZkpJni
com.example.zkpapp.PortraitCaptureActivity
com.example.zkpapp.AuthViewModel
com.example.zkpapp.ZkpApplication: int $stable
com.example.zkpapp.AuthActivity: com.example.zkpapp.security.KeyStoreManager keyStoreManager
com.example.zkpapp.OfflineMenuActivity: java.util.concurrent.atomic.AtomicInteger currentFrameIndex
com.example.zkpapp.AuthActivity: android.os.CountDownTimer rateLimitTimer
com.example.zkpapp.AuthViewModel: kotlinx.coroutines.flow.StateFlow uiState
com.example.zkpapp.TestProofActivity: android.os.Handler handler
com.example.zkpapp.ZkAuth: boolean isLibraryLoaded
com.example.zkpapp.OfflineMenuActivity: int currentCycleNumber
com.example.zkpapp.VerifierActivity: int REQUEST_CAMERA_PERMISSION
com.example.zkpapp.TestProofActivity: android.widget.TextView tvTimestamp
com.example.zkpapp.MrzInfo: android.os.Parcelable$Creator CREATOR
com.example.zkpapp.AuthViewModel: java.lang.String KEY_IV
com.example.zkpapp.VerifierActivity: long AUTO_RESET_DELAY_FAILURE_MS
com.example.zkpapp.OfflineMenuActivity: int MAX_CHUNKS
com.example.zkpapp.AuthViewModel: java.util.concurrent.atomic.AtomicBoolean isAuthInProgress
com.example.zkpapp.OfflineMenuActivity: long transmissionStartTime
com.example.zkpapp.VerifierActivity: long scanStartTime
com.example.zkpapp.OfflineMenuActivity: android.widget.TextView tvFrameCounter
com.example.zkpapp.LoginActivity: com.example.zkpapp.LoginActivity$Companion Companion
com.example.zkpapp.AuthActivity: java.lang.String KEY_ENCRYPTED_DATA
com.example.zkpapp.ZkpJni: int $stable
com.example.zkpapp.VerifierActivity: java.lang.String currentSessionId
com.example.zkpapp.AuthViewModel: int WIPE_AFTER_ATTEMPTS
com.example.zkpapp.VerifierActivity: android.widget.ProgressBar progressBar
com.example.zkpapp.OfflineMenuActivity: int QR_MARGIN
com.example.zkpapp.SecurityGate: java.lang.String TAG
com.example.zkpapp.AuthViewModel: int MAX_FAILED_ATTEMPTS
com.example.zkpapp.OfflineMenuActivity: java.util.concurrent.atomic.AtomicBoolean isGeneratingProof
com.example.zkpapp.TestProofActivity: boolean isRunning
com.example.zkpapp.VerifierActivity: long MIN_SCAN_INTERVAL_MS
com.example.zkpapp.TestProofActivity: android.widget.TextView tvProgressStep
com.example.zkpapp.OfflineMenuActivity: boolean ENABLE_BITMAP_CACHE
com.example.zkpapp.VerifierActivity: long lastScanTime
com.example.zkpapp.ZkpApplication: com.example.zkpapp.ZkpApplication$Companion Companion
com.example.zkpapp.ZkpApplication: java.util.concurrent.atomic.AtomicBoolean isAppLocked
com.example.zkpapp.LoginActivity: android.widget.TextView statusText
com.example.zkpapp.AuthViewModel: java.lang.String KEY_LAST_FAIL_TIME
com.example.zkpapp.AuthViewModel: java.lang.String PREFS_NAME
com.example.zkpapp.AuthViewModel: kotlinx.coroutines.flow.MutableStateFlow _uiState
com.example.zkpapp.ProofBenchmarkResult: long memoryKb
com.example.zkpapp.TestProofActivity: android.widget.LinearLayout layoutMustRows
com.example.zkpapp.TestProofActivity: int $stable
com.example.zkpapp.ProofBenchmarkResult: long verifyMs
com.example.zkpapp.OfflineMenuActivity: long FRAME_DELAY_MS
com.example.zkpapp.SecurityGate: com.example.zkpapp.SecurityGate INSTANCE
com.example.zkpapp.ProofBenchmarkResult: boolean isValid
com.example.zkpapp.VerifierActivity: java.util.concurrent.atomic.AtomicLong lastScannedTime
com.example.zkpapp.OfflineMenuActivity: int MAX_CHUNK_SIZE
...
org.spongycastle.crypto.tls.CombinedHash: java.lang.String getAlgorithmName()
androidx.compose.runtime.Recomposer: void pauseCompositionFrameClock()
androidx.compose.material3.TimePickerKt$TimeInputImpl$minuteValue$2$1: java.lang.Object invoke()
org.spongycastle.jcajce.provider.symmetric.PBEPBKDF2$AlgParams: byte[] engineGetEncoded()
org.spongycastle.pqc.crypto.xmss.XMSSStoreableObjectInterface: byte[] toByteArray()
com.google.android.material.button.MaterialButton: void setInsetTop(int)
androidx.compose.runtime.external.kotlinx.collections.immutable.implementations.immutableSet.TrieNodeKt: java.lang.Object[] removeCellAtIndex(java.lang.Object[],int)
androidx.compose.material3.CalendarDate: int component3()
androidx.compose.foundation.lazy.grid.LazyGridState: androidx.compose.foundation.interaction.InteractionSource getInteractionSource()
androidx.compose.runtime.MovableContentStateReference: java.util.List getInvalidations$runtime_release()
androidx.compose.material3.ExposedDropdownMenu_androidKt$expandable$1$1: java.lang.Object invokeSuspend(java.lang.Object)
androidx.compose.runtime.external.kotlinx.collections.immutable.implementations.immutableMap.TrieNode: int calculateSize()
androidx.compose.foundation.layout.FlowMeasurePolicy$minCrossAxisIntrinsicItemSize$2: java.lang.Integer invoke(androidx.compose.ui.layout.IntrinsicMeasurable,int,int)
androidx.compose.ui.text.android.StaticLayoutFactoryDefault: StaticLayoutFactoryDefault()
kotlinx.coroutines.flow.FlowKt__EmittersKt: java.lang.Object access$invokeSafely$FlowKt__EmittersKt(kotlinx.coroutines.flow.FlowCollector,kotlin.jvm.functions.Function3,java.lang.Throwable,kotlin.coroutines.Continuation)
org.spongycastle.crypto.agreement.DHBasicAgreement: void init(org.spongycastle.crypto.CipherParameters)
androidx.compose.ui.unit.FontScaling: float toDp-GaN1DYA(long)
androidx.compose.ui.text.style.TextIndent: boolean equals(java.lang.Object)
androidx.compose.foundation.layout.IntrinsicMeasureBlocks$VerticalMaxWidth$1$1: java.lang.Integer invoke(androidx.compose.ui.layout.IntrinsicMeasurable,int)
org.spongycastle.jce.provider.X509CRLObject: void verify(java.security.PublicKey,java.lang.String)
kotlinx.serialization.internal.UIntArraySerializer: int collectionSize(java.lang.Object)
kotlinx.coroutines.channels.ChannelsKt__ChannelsKt$sendBlocking$1: java.lang.Object invoke(kotlinx.coroutines.CoroutineScope,kotlin.coroutines.Continuation)
androidx.compose.ui.text.font.FontWeight$Companion: void getW400$annotations()
androidx.compose.ui.node.MeasureAndLayoutDelegate: boolean requestRemeasure$default(androidx.compose.ui.node.MeasureAndLayoutDelegate,androidx.compose.ui.node.LayoutNode,boolean,int,java.lang.Object)
org.spongycastle.asn1.pkcs.PBES2Parameters: PBES2Parameters(org.spongycastle.asn1.pkcs.KeyDerivationFunc,org.spongycastle.asn1.pkcs.EncryptionScheme)
org.spongycastle.asn1.bc.ObjectStoreIntegrityCheck: org.spongycastle.asn1.ASN1Object getIntegrityCheck()
org.spongycastle.crypto.digests.SHAKEDigest: int doFinal(byte[],int,int,byte,int)
okhttp3.internal.connection.RealCall$CallReference: java.lang.Object getCallStackTrace()
kotlinx.serialization.json.JsonPrimitive: JsonPrimitive()
androidx.compose.foundation.lazy.AnimateItemElement: int hashCode()
androidx.compose.foundation.text.TextFieldDelegate: androidx.compose.ui.text.input.TextInputSession restartInput$foundation_release(androidx.compose.ui.text.input.TextInputService,androidx.compose.ui.text.input.TextFieldValue,androidx.compose.ui.text.input.EditProcessor,androidx.compose.ui.text.input.ImeOptions,kotlin.jvm.functions.Function1,kotlin.jvm.functions.Function1)
androidx.compose.foundation.lazy.grid.ItemInfo: int getCrossAxisSize()
okhttp3.internal.io.FileSystem$Companion$SystemFileSystem: long size(java.io.File)
org.spongycastle.jcajce.provider.symmetric.DES$PBEWithSHA1: DES$PBEWithSHA1()
okhttp3.internal.http2.Http2Connection: void sendDegradedPingLater$okhttp()