Zkp-App/android/app/build/outputs/mapping/release/usage.txt
com.example.zkpapp.AuthUiState$Error:
    public static final int $stable
    public final java.lang.String component1()
    public final com.example.zkpapp.AuthUiState$Error copy(java.lang.String)
    public static synthetic com.example.zkpapp.AuthUiState$Error copy$default(com.example.zkpapp.AuthUiState$Error,java.lang.String,int,java.lang.Object)
com.example.zkpapp.AuthUiState$Idle:
    public static final int $stable
com.example.zkpapp.AuthUiState$Loading:
    public static final int $stable
com.example.zkpapp.AuthUiState$RateLimited:
    public static final int $stable
    public final int component1()
    public final com.example.zkpapp.AuthUiState$RateLimited copy(int)
    public static synthetic com.example.zkpapp.AuthUiState$RateLimited copy$default(com.example.zkpapp.AuthUiState$RateLimited,int,int,java.lang.Object)
com.example.zkpapp.AuthUiState$SeedGenerated:
    public static final int $stable
    public final java.lang.String component1()
    public final com.example.zkpapp.AuthUiState$SeedGenerated copy(java.lang.String)
    public static synthetic com.example.zkpapp.AuthUiState$SeedGenerated copy$default(com.example.zkpapp.AuthUiState$SeedGenerated,java.lang.String,int,java.lang.Object)
    public final java.lang.String getSeed()
com.example.zkpapp.AuthUiState$Success:
    public static final int $stable
    public final java.lang.String component1()
    public final boolean component2()
    public final com.example.zkpapp.AuthUiState$Success copy(java.lang.String,boolean)
    public static synthetic com.example.zkpapp.AuthUiState$Success copy$default(com.example.zkpapp.AuthUiState$Success,java.lang.String,boolean,int,java.lang.Object)
    public final java.lang.String getMessage()
    public final boolean isGlobalUnlock()
com.example.zkpapp.AuthUiState$TamperDetected:
    public static final int $stable
com.example.zkpapp.AuthUiState$VaultExists:
    public static final int $stable
    public final boolean component1()
    public final com.example.zkpapp.AuthUiState$VaultExists copy(boolean)
    public static synthetic com.example.zkpapp.AuthUiState$VaultExists copy$default(com.example.zkpapp.AuthUiState$VaultExists,boolean,int,java.lang.Object)
    public final boolean isLocked()
com.example.zkpapp.AuthViewModel$RateLimitStatus$Allowed:
    public static final int $stable
com.example.zkpapp.AuthViewModel$RateLimitStatus$Blocked:
    public static final int $stable
    public final int component1()
    public final com.example.zkpapp.AuthViewModel$RateLimitStatus$Blocked copy(int)
    public static synthetic com.example.zkpapp.AuthViewModel$RateLimitStatus$Blocked copy$default(com.example.zkpapp.AuthViewModel$RateLimitStatus$Blocked,int,int,java.lang.Object)
com.example.zkpapp.AuthViewModel$RateLimitStatus:
    public static final int $stable
com.example.zkpapp.AuthViewModel$TamperResult$Clean:
    public static final int $stable
com.example.zkpapp.AuthViewModel$TamperResult$Compromised:
    public final java.util.List component1()
    public final com.example.zkpapp.AuthViewModel$TamperResult$Compromised copy(java.util.List)
    public static synthetic com.example.zkpapp.AuthViewModel$TamperResult$Compromised copy$default(com.example.zkpapp.AuthViewModel$TamperResult$Compromised,java.util.List,int,java.lang.Object)
    public final java.util.List getReasons()
com.example.zkpapp.AuthViewModel$TamperResult:
    public static final int $stable
com.example.zkpapp.BuildConfig
com.example.zkpapp.CameraActivity:
    public static final java.lang.String EXTRA_MRZ_DATA
    private static final int MIN_MRZ_ANGLE_BRACKETS
    private static final int MIN_MRZ_LINE_LENGTH
    private static final int MRZ_LINE_MAX_LENGTH
    private static final int MRZ_LINE_MIN_LENGTH
    private static final long PROCESSING_INTERVAL_MS
    private static final int REQUEST_CAMERA
    private static final java.lang.String TAG
...
com.google.android.gms.signin.zac
com.google.android.gms.signin.zad:
    public static final com.google.android.gms.internal.mlkit_common.zzqf zaa
    public static final com.google.android.gms.internal.mlkit_common.zzqf zab
    public static final com.google.android.gms.common.internal.service.zan zad
    public static final com.google.android.gms.common.api.Scope zae
    public static final com.google.android.gms.common.api.Scope zaf
    public static final androidx.appcompat.app.AlertController$2 zag
    public static final androidx.appcompat.app.AlertController$2 zah
com.google.android.gms.signin.zaf
com.google.android.gms.tasks.CancellationToken
com.google.android.gms.tasks.CancellationTokenSource
com.google.android.gms.tasks.OnTokenCanceledListener
com.google.android.gms.tasks.SuccessContinuation
com.google.android.gms.tasks.Task
com.google.android.gms.tasks.TaskCompletionSource:
    public static com.google.android.gms.tasks.zzw getTask()
    public final void setException(java.lang.Exception)
    public final void setResult(java.lang.Object)
    public final boolean trySetResult(java.lang.Object)
com.google.android.gms.tasks.Tasks
com.google.android.gms.tasks.zza:
    private static void $r8$constructor$com$google$android$gms$tasks$CancellationToken()
    private static void $r8$constructor$com$google$android$gms$tasks$CancellationTokenSource()
    private static void $r8$constructor$com$google$android$gms$tasks$zza()
    private static synthetic void $r8$constructor$com$google$android$gms$tasks$zzad()
    private static void $r8$constructor$com$google$android$gms$tasks$zzb()
    private static void $r8$constructor$com$google$android$gms$tasks$zzs()
    public static com.google.android.gms.tasks.zza getToken()
    public static com.google.android.gms.tasks.zza onCanceledRequested()
    public final void zza$3()
com.google.android.gms.tasks.zzac
com.google.android.gms.tasks.zzad
com.google.android.gms.tasks.zzae
com.google.android.gms.tasks.zzb
com.google.android.gms.tasks.zzh:
    private static void $r8$constructor$com$google$android$gms$tasks$zzh()
    private static void $r8$constructor$com$google$android$gms$tasks$zzj()
    private static void $r8$constructor$com$google$android$gms$tasks$zzl()
    private static void $r8$constructor$com$google$android$gms$tasks$zzn()
    private static void $r8$constructor$com$google$android$gms$tasks$zzp()
    public void <init>()
    public static synthetic bridge com.google.android.gms.tasks.OnCanceledListener zza()
    public static synthetic bridge com.google.android.gms.tasks.OnCompleteListener zza()
    public static synthetic bridge com.google.android.gms.tasks.OnFailureListener zza()
    public static synthetic bridge com.google.android.gms.tasks.OnSuccessListener zza()
com.google.android.gms.tasks.zzi
com.google.android.gms.tasks.zzj
com.google.android.gms.tasks.zzk
com.google.android.gms.tasks.zzl
com.google.android.gms.tasks.zzm
com.google.android.gms.tasks.zzn
com.google.android.gms.tasks.zzo
com.google.android.gms.tasks.zzp
com.google.android.gms.tasks.zzq:
    public abstract void zzd(com.google.android.gms.tasks.zzw)
com.google.android.gms.tasks.zzr
com.google.android.gms.tasks.zzs
com.google.android.gms.tasks.zzt